{"level":"info","message":"Hello from Acquisitions !","service":"acquisitions-api","timestamp":"2025-12-20T14:46:45.356Z"}
{"level":"info","message":"::1 - - [20/Dec/2025:14:46:45 +0000] \"GET / HTTP/1.1\" 200 25 \"-\" \"Mozilla/5.0 (Windows NT 10.0; Win64; x64) AppleWebKit/537.36 (KHTML, like Gecko) Chrome/143.0.0.0 Safari/537.36\"","service":"acquisitions-api","timestamp":"2025-12-20T14:46:45.385Z"}
{"level":"info","message":"::1 - - [20/Dec/2025:14:46:47 +0000] \"GET /favicon.ico HTTP/1.1\" 404 150 \"-\" \"Mozilla/5.0 (Windows NT 10.0; Win64; x64) AppleWebKit/537.36 (KHTML, like Gecko) Chrome/143.0.0.0 Safari/537.36\"","service":"acquisitions-api","timestamp":"2025-12-20T14:46:47.767Z"}
{"level":"info","message":"Hello from Acquisitions !","service":"acquisitions-api","timestamp":"2026-01-02T14:46:37.087Z"}
{"level":"info","message":"::1 - - [02/Jan/2026:14:46:37 +0000] \"GET / HTTP/1.1\" 200 25 \"-\" \"PostmanRuntime/7.45.0\"","service":"acquisitions-api","timestamp":"2026-01-02T14:46:37.112Z"}
{"level":"info","message":"::1 - - [02/Jan/2026:14:46:42 +0000] \"GET /api HTTP/1.1\" 200 14 \"-\" \"PostmanRuntime/7.45.0\"","service":"acquisitions-api","timestamp":"2026-01-02T14:46:42.792Z"}
{"level":"info","message":"::1 - - [02/Jan/2026:14:46:46 +0000] \"GET /api/auth HTTP/1.1\" 404 147 \"-\" \"PostmanRuntime/7.45.0\"","service":"acquisitions-api","timestamp":"2026-01-02T14:46:46.891Z"}
{"level":"info","message":"::1 - - [02/Jan/2026:14:46:56 +0000] \"GET /api/auth/sign-in HTTP/1.1\" 404 155 \"-\" \"PostmanRuntime/7.45.0\"","service":"acquisitions-api","timestamp":"2026-01-02T14:46:56.095Z"}
{"level":"info","message":"::1 - - [02/Jan/2026:14:47:46 +0000] \"GET /api HTTP/1.1\" 200 14 \"-\" \"PostmanRuntime/7.45.0\"","service":"acquisitions-api","timestamp":"2026-01-02T14:47:46.977Z"}
{"level":"info","message":"::1 - - [02/Jan/2026:14:48:04 +0000] \"GET /health HTTP/1.1\" 200 74 \"-\" \"PostmanRuntime/7.45.0\"","service":"acquisitions-api","timestamp":"2026-01-02T14:48:04.463Z"}
{"level":"info","message":"::1 - - [04/Jan/2026:10:31:35 +0000] \"POST /api/auth/sign-up HTTP/1.1\" 200 16 \"-\" \"PostmanRuntime/7.51.0\"","service":"acquisitions-api","timestamp":"2026-01-04T10:31:35.988Z"}
{"level":"error","message":"Error in Signup signupSchema is not defined","service":"acquisitions-api","stack":"ReferenceError: signupSchema is not defined\n    at Singup (file:///F:/devops/5hr%20course/3rd-full-project/src/controllers/auth.controller.js:6:34)\n    at Layer.handleRequest (F:\\devops\\5hr course\\3rd-full-project\\node_modules\\router\\lib\\layer.js:152:17)\n    at next (F:\\devops\\5hr course\\3rd-full-project\\node_modules\\router\\lib\\route.js:157:13)\n    at Route.dispatch (F:\\devops\\5hr course\\3rd-full-project\\node_modules\\router\\lib\\route.js:117:3)\n    at handle (F:\\devops\\5hr course\\3rd-full-project\\node_modules\\router\\index.js:435:11)\n    at Layer.handleRequest (F:\\devops\\5hr course\\3rd-full-project\\node_modules\\router\\lib\\layer.js:152:17)\n    at F:\\devops\\5hr course\\3rd-full-project\\node_modules\\router\\index.js:295:15\n    at processParams (F:\\devops\\5hr course\\3rd-full-project\\node_modules\\router\\index.js:582:12)\n    at next (F:\\devops\\5hr course\\3rd-full-project\\node_modules\\router\\index.js:291:5)\n    at Function.handle (F:\\devops\\5hr course\\3rd-full-project\\node_modules\\router\\index.js:186:3)","timestamp":"2026-01-04T10:38:09.185Z"}
{"level":"info","message":"::1 - - [04/Jan/2026:10:38:09 +0000] \"POST /api/auth/sign-up HTTP/1.1\" 500 1264 \"-\" \"PostmanRuntime/7.51.0\"","service":"acquisitions-api","timestamp":"2026-01-04T10:38:09.207Z"}
{"level":"info","message":"::1 - - [04/Jan/2026:10:43:16 +0000] \"POST /api/auth/sign-up HTTP/1.1\" 400 92 \"-\" \"PostmanRuntime/7.51.0\"","service":"acquisitions-api","timestamp":"2026-01-04T10:43:16.150Z"}
{"level":"info","message":"::1 - - [04/Jan/2026:10:44:19 +0000] \"POST /api/auth/sign-up HTTP/1.1\" 400 115 \"-\" \"PostmanRuntime/7.51.0\"","service":"acquisitions-api","timestamp":"2026-01-04T10:44:19.807Z"}
{"level":"info","message":"User signed up with email: harshpro0012@gmail.com","service":"acquisitions-api","timestamp":"2026-01-04T10:44:52.880Z"}
{"level":"info","message":"::1 - - [04/Jan/2026:10:44:52 +0000] \"POST /api/auth/sign-up HTTP/1.1\" 201 123 \"-\" \"PostmanRuntime/7.51.0\"","service":"acquisitions-api","timestamp":"2026-01-04T10:44:52.909Z"}
{"level":"info","message":"Created new user with email: harshpro0012@gmail.com","service":"acquisitions-api","timestamp":"2026-01-04T11:18:43.505Z"}
{"level":"info","message":"User signed up with email: harshpro0012@gmail.com","service":"acquisitions-api","timestamp":"2026-01-04T11:18:43.518Z"}
{"level":"info","message":"::1 - - [04/Jan/2026:11:18:43 +0000] \"POST /api/auth/sign-up HTTP/1.1\" 201 145 \"-\" \"PostmanRuntime/7.51.0\"","service":"acquisitions-api","timestamp":"2026-01-04T11:18:43.537Z"}
{"level":"error","message":"Error creating user: User with this email already exists","service":"acquisitions-api","stack":"Error: User with this email already exists\n    at CreateUser (file:///F:/devops/5hr%20course/3rd-full-project/src/services/auth.service.js:24:13)\n    at process.processTicksAndRejections (node:internal/process/task_queues:105:5)\n    at async Singup (file:///F:/devops/5hr%20course/3rd-full-project/src/controllers/auth.controller.js:23:18)","timestamp":"2026-01-04T11:18:48.589Z"}
{"level":"error","message":"Error in Signup User creation failed","service":"acquisitions-api","stack":"Error: User creation failed\n    at CreateUser (file:///F:/devops/5hr%20course/3rd-full-project/src/services/auth.service.js:50:11)\n    at process.processTicksAndRejections (node:internal/process/task_queues:105:5)\n    at async Singup (file:///F:/devops/5hr%20course/3rd-full-project/src/controllers/auth.controller.js:23:18)","timestamp":"2026-01-04T11:18:48.593Z"}
{"level":"info","message":"::1 - - [04/Jan/2026:11:18:48 +0000] \"POST /api/auth/sign-up HTTP/1.1\" 500 490 \"-\" \"PostmanRuntime/7.51.0\"","service":"acquisitions-api","timestamp":"2026-01-04T11:18:48.598Z"}
{"level":"info","message":"Created new user with email: harshpro0019@gmail.com","service":"acquisitions-api","timestamp":"2026-01-04T11:19:08.274Z"}
{"level":"info","message":"User signed up with email: harshpro0019@gmail.com","service":"acquisitions-api","timestamp":"2026-01-04T11:19:08.290Z"}
{"level":"info","message":"::1 - - [04/Jan/2026:11:19:08 +0000] \"POST /api/auth/sign-up HTTP/1.1\" 201 145 \"-\" \"PostmanRuntime/7.51.0\"","service":"acquisitions-api","timestamp":"2026-01-04T11:19:08.293Z"}
